#
# There is insufficient memory for the Java Runtime Environment to continue.
# Native memory allocation (mmap) failed to map 526385152 bytes for Failed to commit area from 0x000000060a200000 to 0x0000000629800000 of length 526385152.
# Possible reasons:
#   The system is out of physical RAM or swap space
#   The process is running with CompressedOops enabled, and the Java Heap may be blocking the growth of the native heap
# Possible solutions:
#   Reduce memory load on the system
#   Increase physical memory or swap space
#   Check if swap backing store is full
#   Decrease Java heap size (-Xmx/-Xms)
#   Decrease number of Java threads
#   Decrease Java thread stack sizes (-Xss)
#   Set larger code cache with -XX:ReservedCodeCacheSize=
# This output file may be truncated or incomplete.
#
#  Out of Memory Error (src/hotspot/os/windows/os_windows.cpp:3627), pid=20336, tid=720
#
# JRE version:  (11.0.15+10) (build )
# Java VM: OpenJDK 64-Bit Server VM (11.0.15+10-b2043.56, mixed mode, sharing, tiered, compressed oops, g1 gc, windows-amd64)
# No core dump will be written. Minidumps are not enabled by default on client versions of Windows
#

---------------  S U M M A R Y ------------

Command Line: git4idea.http.GitAskPassApp Username for 'https://github.com': 

Host: AMD Ryzen 5 5500U with Radeon Graphics         , 12 cores, 31G,  Windows 11 , 64 bit Build 22000 (10.0.22000.708)
Time: Tue Jul 12 20:43:12 2022  Windows 11 , 64 bit Build 22000 (10.0.22000.708) elapsed time: 0.030834 seconds (0d 0h 0m 0s)

---------------  T H R E A D  ---------------

Current thread (0x000002d414fe1800):  JavaThread "Unknown thread" [_thread_in_vm, id=720, stack(0x000000fb4a000000,0x000000fb4a100000)]

Stack: [0x000000fb4a000000,0x000000fb4a100000]
Native frames: (J=compiled Java code, j=interpreted, Vv=VM code, C=native code)
V  [jvm.dll+0x61612a]
V  [jvm.dll+0x79c450]
V  [jvm.dll+0x79da6d]
V  [jvm.dll+0x79e143]
V  [jvm.dll+0x24cc18]
V  [jvm.dll+0x613174]
V  [jvm.dll+0x607e55]
V  [jvm.dll+0x30b1cb]
V  [jvm.dll+0x30b13a]
V  [jvm.dll+0x30b012]
V  [jvm.dll+0x30ff76]
V  [jvm.dll+0x35b4c3]
V  [jvm.dll+0x35bbc6]
V  [jvm.dll+0x35b5c3]
V  [jvm.dll+0x2e5918]
V  [jvm.dll+0x2e6ab7]
V  [jvm.dll+0x7794f7]
V  [jvm.dll+0x77acec]
V  [jvm.dll+0x368a59]
V  [jvm.dll+0x75ce8e]
V  [jvm.dll+0x3d6a33]
V  [jvm.dll+0x3d9001]
C  [jli.dll+0x536b]
C  [ucrtbase.dll+0x26c0c]
C  [KERNEL32.DLL+0x154e0]
C  [ntdll.dll+0x485b]


---------------  P R O C E S S  ---------------

Threads class SMR info:
_java_thread_list=0x000002d412d341d0, length=0, elements={
}

Java Threads: ( => current thread )

Other Threads:
  0x000002d414ffa800 GCTaskThread "GC Thread#0" [stack: 0x000000fb4a100000,0x000000fb4a200000] [id=6088]
  0x000002d415079800 ConcurrentGCThread "G1 Main Marker" [stack: 0x000000fb4a200000,0x000000fb4a300000] [id=34464]
  0x000002d41507a800 ConcurrentGCThread "G1 Conc#0" [stack: 0x000000fb4a300000,0x000000fb4a400000] [id=19536]

[error occurred during error reporting (printing all threads), id 0xc0000005, EXCEPTION_ACCESS_VIOLATION (0xc0000005) at pc=0x00007ffd377a6017]

VM state:not at safepoint (not fully initialized)

VM Mutex/Monitor currently owned by a thread:  ([mutex/lock_event])
[0x000002d414fdd8a0] Heap_lock - owner thread: 0x000002d414fe1800

Heap address: 0x000000060a200000, size: 8030 MB, Compressed Oops mode: Non-zero based: 0x000000060a200000
Narrow klass base: 0x0000000000000000, Narrow klass shift: 0

GC Heap History (0 events):
No events

Deoptimization events (0 events):
No events

Classes redefined (0 events):
No events

Internal exceptions (0 events):
No events

Events (1 events):
Event: 0.014 Loaded shared library C:\Program Files\JetBrains\IntelliJ IDEA Community Edition 2022.1.2\jbr\bin\zip.dll


Dynamic libraries:
0x00007ff6247e0000 - 0x00007ff6247ea000 	C:\Program Files\JetBrains\IntelliJ IDEA Community Edition 2022.1.2\jbr\bin\java.exe
0x00007ffd78f80000 - 0x00007ffd79189000 	C:\WINDOWS\SYSTEM32\ntdll.dll
0x00007ffd77f80000 - 0x00007ffd7803d000 	C:\WINDOWS\System32\KERNEL32.DLL
0x00007ffd76460000 - 0x00007ffd767d9000 	C:\WINDOWS\System32\KERNELBASE.dll
0x00007ffd76b10000 - 0x00007ffd76c21000 	C:\WINDOWS\System32\ucrtbase.dll
0x00007ffd583d0000 - 0x00007ffd583e6000 	C:\Program Files\JetBrains\IntelliJ IDEA Community Edition 2022.1.2\jbr\bin\VCRUNTIME140.dll
0x00007ffd58700000 - 0x00007ffd58719000 	C:\Program Files\JetBrains\IntelliJ IDEA Community Edition 2022.1.2\jbr\bin\jli.dll
0x00007ffd782a0000 - 0x00007ffd7844c000 	C:\WINDOWS\System32\USER32.dll
0x00007ffd767e0000 - 0x00007ffd76806000 	C:\WINDOWS\System32\win32u.dll
0x00007ffd5efd0000 - 0x00007ffd5f275000 	C:\WINDOWS\WinSxS\amd64_microsoft.windows.common-controls_6595b64144ccf1df_6.0.22000.120_none_9d947278b86cc467\COMCTL32.dll
0x00007ffd77e50000 - 0x00007ffd77ef3000 	C:\WINDOWS\System32\msvcrt.dll
0x00007ffd78040000 - 0x00007ffd78069000 	C:\WINDOWS\System32\GDI32.dll
0x00007ffd76890000 - 0x00007ffd769a2000 	C:\WINDOWS\System32\gdi32full.dll
0x00007ffd769b0000 - 0x00007ffd76a4d000 	C:\WINDOWS\System32\msvcp_win.dll
0x00007ffd78e40000 - 0x00007ffd78e71000 	C:\WINDOWS\System32\IMM32.DLL
0x00007ffd3aec0000 - 0x00007ffd3af6a000 	C:\Program Files\JetBrains\IntelliJ IDEA Community Edition 2022.1.2\jbr\bin\msvcp140.dll
0x00007ffd374b0000 - 0x00007ffd3802b000 	C:\Program Files\JetBrains\IntelliJ IDEA Community Edition 2022.1.2\jbr\bin\server\jvm.dll
0x00007ffd78d90000 - 0x00007ffd78e3e000 	C:\WINDOWS\System32\ADVAPI32.dll
0x00007ffd77db0000 - 0x00007ffd77e4e000 	C:\WINDOWS\System32\sechost.dll
0x00007ffd78c70000 - 0x00007ffd78d90000 	C:\WINDOWS\System32\RPCRT4.dll
0x00007ffd78070000 - 0x00007ffd78078000 	C:\WINDOWS\System32\PSAPI.DLL
0x00007ffd41d00000 - 0x00007ffd41d09000 	C:\WINDOWS\SYSTEM32\WSOCK32.dll
0x00007ffd6e3f0000 - 0x00007ffd6e423000 	C:\WINDOWS\SYSTEM32\WINMM.dll
0x00007ffd78460000 - 0x00007ffd784cf000 	C:\WINDOWS\System32\WS2_32.dll
0x00007ffd6c760000 - 0x00007ffd6c76a000 	C:\WINDOWS\SYSTEM32\VERSION.dll
0x00007ffd755d0000 - 0x00007ffd755e8000 	C:\WINDOWS\SYSTEM32\kernel.appcore.dll
0x00007ffd66ee0000 - 0x00007ffd66ef1000 	C:\Program Files\JetBrains\IntelliJ IDEA Community Edition 2022.1.2\jbr\bin\verify.dll
0x00007ffd6d860000 - 0x00007ffd6da81000 	C:\WINDOWS\SYSTEM32\DBGHELP.DLL
0x00007ffd60660000 - 0x00007ffd60691000 	C:\WINDOWS\SYSTEM32\dbgcore.DLL
0x00007ffd76810000 - 0x00007ffd7688f000 	C:\WINDOWS\System32\bcryptPrimitives.dll
0x00007ffd611e0000 - 0x00007ffd61209000 	C:\Program Files\JetBrains\IntelliJ IDEA Community Edition 2022.1.2\jbr\bin\java.dll
0x00007ffd72030000 - 0x00007ffd7203b000 	C:\Program Files\JetBrains\IntelliJ IDEA Community Edition 2022.1.2\jbr\bin\jimage.dll
0x00007ffd611c0000 - 0x00007ffd611d9000 	C:\Program Files\JetBrains\IntelliJ IDEA Community Edition 2022.1.2\jbr\bin\zip.dll

dbghelp: loaded successfully - version: 4.0.5 - missing functions: none
symbol engine: initialized successfully - sym options: 0x614 - pdb path: .;C:\Program Files\JetBrains\IntelliJ IDEA Community Edition 2022.1.2\jbr\bin;C:\WINDOWS\SYSTEM32;C:\WINDOWS\WinSxS\amd64_microsoft.windows.common-controls_6595b64144ccf1df_6.0.22000.120_none_9d947278b86cc467;C:\Program Files\JetBrains\IntelliJ IDEA Community Edition 2022.1.2\jbr\bin\server

VM Arguments:
java_command: git4idea.http.GitAskPassApp Username for 'https://github.com': 
java_class_path (initial): C:/Program Files/JetBrains/IntelliJ IDEA Community Edition 2022.1.2/plugins/git4idea/lib/git4idea-rt.jar;C:/Program Files/JetBrains/IntelliJ IDEA Community Edition 2022.1.2/lib/externalProcess-rt.jar;C:/Program Files/JetBrains/IntelliJ IDEA Community Edition 2022.1.2/lib/app.jar;C:/Program Files/JetBrains/IntelliJ IDEA Community Edition 2022.1.2/lib/3rd-party-rt.jar
Launcher Type: SUN_STANDARD

[Global flags]
     intx CICompilerCount                          = 4                                         {product} {ergonomic}
     uint ConcGCThreads                            = 3                                         {product} {ergonomic}
     uint G1ConcRefinementThreads                  = 10                                        {product} {ergonomic}
   size_t G1HeapRegionSize                         = 2097152                                   {product} {ergonomic}
    uintx GCDrainStackTargetSize                   = 64                                        {product} {ergonomic}
   size_t InitialHeapSize                          = 526385152                                 {product} {ergonomic}
   size_t MarkStackSize                            = 4194304                                   {product} {ergonomic}
   size_t MaxHeapSize                              = 8420065280                                {product} {ergonomic}
   size_t MinHeapDeltaBytes                        = 2097152                                   {product} {ergonomic}
    uintx NonNMethodCodeHeapSize                   = 5836300                                {pd product} {ergonomic}
    uintx NonProfiledCodeHeapSize                  = 122910970                              {pd product} {ergonomic}
    uintx ProfiledCodeHeapSize                     = 122910970                              {pd product} {ergonomic}
    uintx ReservedCodeCacheSize                    = 251658240                              {pd product} {ergonomic}
     bool SegmentedCodeCache                       = true                                      {product} {ergonomic}
     bool UseCompressedClassPointers               = true                                 {lp64_product} {ergonomic}
     bool UseCompressedOops                        = true                                 {lp64_product} {ergonomic}
     bool UseG1GC                                  = true                                      {product} {ergonomic}
     bool UseLargePagesIndividualAllocation        = false                                  {pd product} {ergonomic}

Logging:
Log output configuration:
 #0: stdout all=warning uptime,level,tags
 #1: stderr all=off uptime,level,tags

Environment Variables:
JAVA_HOME=C:\Program Files\Amazon Corretto\jdk11.0.15_9
PATH=C:\Program Files\Git\mingw64\libexec\git-core;C:\Program Files\Git\mingw64\libexec\git-core;C:\Program Files\Git\mingw64\bin;C:\Program Files\Git\usr\bin;C:\Users\katyuna\bin;C:\Program Files\Amazon Corretto\jdk11.0.15_9\bin;C:\WINDOWS\system32;C:\WINDOWS;C:\WINDOWS\System32\Wbem;C:\WINDOWS\System32\WindowsPowerShell\v1.0;C:\WINDOWS\System32\OpenSSH;C:\Program Files (x86)\Common Files\Adobe\AGL;C:\Users\katyuna\AppData\Local\Android\Sdk\tools;C:\Users\katyuna\AppData\Local\Android\Sdk\platform-tools;C:\Program Files\Git\cmd;C:\Program Files\Git LFS;C:\Program Files (x86)\HP\Common\HPDestPlgIn;C:\Users\katyuna\AppData\Local\Microsoft\WindowsApps;C:\Program Files\JetBrains\IntelliJ IDEA Community Edition 2022.1.2\bin;C:\Program Files (x86)\HP\Common\HPDestPlgIn
USERNAME=katyuna
DISPLAY=:0.0
LC_ALL=en_US.UTF-8
OS=Windows_NT
PROCESSOR_IDENTIFIER=AMD64 Family 23 Model 104 Stepping 1, AuthenticAMD



---------------  S Y S T E M  ---------------

OS: Windows 11 , 64 bit Build 22000 (10.0.22000.708)
OS uptime: 20 days 9:08 hours

CPU:total 12 (initial active 12) (12 cores per cpu, 2 threads per core) family 23 model 104 stepping 1 microcode 0x0, cmov, cx8, fxsr, mmx, sse, sse2, sse3, ssse3, sse4.1, sse4.2, popcnt, avx, avx2, aes, clmul, mmxext, 3dnowpref, lzcnt, sse4a, ht, tsc, tscinvbit, tscinv, bmi1, bmi2, adx, sha, fma

Memory: 4k page, system-wide physical 32117M (4134M free)
TotalPageFile size 50769M (AvailPageFile size 105M)
current process WorkingSet (physical memory assigned to process): 10M, peak: 10M
current process commit charge ("private bytes"): 64M, peak: 566M

vm_info: OpenJDK 64-Bit Server VM (11.0.15+10-b2043.56) for windows-amd64 JRE (11.0.15+10-b2043.56), built on May 16 2022 02:28:12 by "" with MS VC++ 14.0 (VS2015)

END.
